
2023-04-17 07:18:17...installerHook: Info: custom/install/install_hooks.php not present, no custom hooks to execute
2023-04-17 07:18:20...Begin System Check Process *************
2023-04-17 07:18:20...XML Parsing Support Found
2023-04-17 07:18:20...JSON Parsing Support Found
2023-04-17 07:18:20...MBString Support Found
2023-04-17 07:18:20...ZIP Support Found
2023-04-17 07:18:20.../custom directory and subdirectory check passed
2023-04-17 07:18:20...cache directory and subdirectory check passed
2023-04-17 07:18:23.../module  directory and subdirectory check passed
2023-04-17 07:18:23.../upload directory check passed
2023-04-17 07:18:23.../zip check passed
2023-04-17 07:18:23...PCRE version check passed
2023-04-17 07:18:23...installerHook: Info: custom/install/install_hooks.php not present, no custom hooks to execute
2023-04-17 07:18:23...php.ini location found. D:\xampp\php\php.ini
2023-04-17 07:18:23...Outputting HTML for System check
2023-04-17 07:18:23...No Errors were found *************
2023-04-17 07:18:23...installerHook: Info: custom/install/install_hooks.php not present, no custom hooks to execute
2023-04-17 07:18:46...installerHook: Info: custom/install/install_hooks.php not present, no custom hooks to execute
2023-04-17 07:19:19...Begin DB Check Process *************
2023-04-17 07:19:19...testing with mysql:mysqli
2023-04-17 07:19:19...Basic form info is valid, continuing Process.
2023-04-17 07:19:19...Testing user account...
2023-04-17 07:19:19...Connection made using  host: localhost, usr: root
2023-04-17 07:19:19...SUCCESS:: no errors detected!
2023-04-17 07:19:19...End DB Check Process *************
2023-04-17 07:19:20...installerHook: Info: custom/install/install_hooks.php not present, no custom hooks to execute
2023-04-17 07:19:20...calling handleSugarConfig()
2023-04-17 07:19:20...calling handleHtaccess()
2023-04-17 07:19:20...calling handleDbCreateDatabase()
2023-04-17 07:19:20...looping through all the Beans and create their tables
2023-04-17 07:19:20...processing table acl_actions
2023-04-17 07:19:21...creating table acl_actions
2023-04-17 07:19:21...creating Relationship Meta for ACLAction
2023-04-17 07:19:21...processing table acl_roles
2023-04-17 07:19:22...creating table acl_roles
2023-04-17 07:19:22...creating Relationship Meta for ACLRole
2023-04-17 07:19:22...processing table relationships
2023-04-17 07:19:22...creating table relationships
2023-04-17 07:19:22...creating Relationship Meta for Relationship
2023-04-17 07:19:22...processing table leads
2023-04-17 07:19:24...creating table leads
2023-04-17 07:19:24...creating Relationship Meta for Lead
2023-04-17 07:19:25...processing table cases
2023-04-17 07:19:26...creating table cases
2023-04-17 07:19:26...creating Relationship Meta for Case
2023-04-17 07:19:27...processing table bugs
2023-04-17 07:19:28...creating table bugs
2023-04-17 07:19:28...creating Relationship Meta for Bug
2023-04-17 07:19:29...processing table users
2023-04-17 07:19:31...creating table users
2023-04-17 07:19:31...creating Relationship Meta for User
2023-04-17 07:19:32...processing table campaign_log
2023-04-17 07:19:32...creating table campaign_log
2023-04-17 07:19:32...creating Relationship Meta for CampaignLog
2023-04-17 07:19:32...processing table project
2023-04-17 07:19:33...creating table project
2023-04-17 07:19:33...creating Relationship Meta for Project
2023-04-17 07:19:34...processing table project_task
2023-04-17 07:19:36...creating table project_task
2023-04-17 07:19:36...creating Relationship Meta for ProjectTask
2023-04-17 07:19:36...processing table campaigns
2023-04-17 07:19:37...creating table campaigns
2023-04-17 07:19:37...creating Relationship Meta for Campaign
2023-04-17 07:19:38...processing table prospect_lists
2023-04-17 07:19:39...creating table prospect_lists
2023-04-17 07:19:39...creating Relationship Meta for ProspectList
2023-04-17 07:19:39...processing table prospects
2023-04-17 07:19:41...creating table prospects
2023-04-17 07:19:41...creating Relationship Meta for Prospect
2023-04-17 07:19:42...processing table email_marketing
2023-04-17 07:19:42...creating table email_marketing
2023-04-17 07:19:42...creating Relationship Meta for EmailMarketing
2023-04-17 07:19:43...processing table campaign_trkrs
2023-04-17 07:19:43...creating table campaign_trkrs
2023-04-17 07:19:43...creating Relationship Meta for CampaignTracker
2023-04-17 07:19:43...processing table releases
2023-04-17 07:19:44...creating table releases
2023-04-17 07:19:44...creating Relationship Meta for Release
2023-04-17 07:19:44...processing table emailman
2023-04-17 07:19:44...creating table emailman
2023-04-17 07:19:44...creating Relationship Meta for EmailMan
2023-04-17 07:19:44...processing table schedulers
2023-04-17 07:19:45...creating table schedulers
2023-04-17 07:19:45...creating Relationship Meta for Scheduler
2023-04-17 07:19:45...processing table job_queue
2023-04-17 07:19:46...creating table job_queue
2023-04-17 07:19:46...creating Relationship Meta for SchedulersJob
2023-04-17 07:19:46...processing table contacts
2023-04-17 07:19:48...creating table contacts
2023-04-17 07:19:48...creating Relationship Meta for Contact
2023-04-17 07:19:48...processing table accounts
2023-04-17 07:19:50...creating table accounts
2023-04-17 07:19:50...creating Relationship Meta for Account
2023-04-17 07:19:51...processing table opportunities
2023-04-17 07:19:52...creating table opportunities
2023-04-17 07:19:52...creating Relationship Meta for Opportunity
2023-04-17 07:19:53...processing table email_templates
2023-04-17 07:19:55...creating table email_templates
2023-04-17 07:19:55...creating Relationship Meta for EmailTemplate
2023-04-17 07:19:55...processing table notes
2023-04-17 07:19:57...creating table notes
2023-04-17 07:19:57...creating Relationship Meta for Note
2023-04-17 07:19:58...processing table calls
2023-04-17 07:19:59...creating table calls
2023-04-17 07:19:59...creating Relationship Meta for Call
2023-04-17 07:20:00...processing table emails
2023-04-17 07:20:02...creating table emails
2023-04-17 07:20:02...creating Relationship Meta for Email
2023-04-17 07:20:03...processing table meetings
2023-04-17 07:20:05...creating table meetings
2023-04-17 07:20:05...creating Relationship Meta for Meeting
2023-04-17 07:20:06...processing table tasks
2023-04-17 07:20:08...creating table tasks
2023-04-17 07:20:08...creating Relationship Meta for Task
2023-04-17 07:20:09...processing table users
2023-04-17 07:20:09...processing table users
2023-04-17 07:20:09...processing table currencies
2023-04-17 07:20:09...creating table currencies
2023-04-17 07:20:09...creating Relationship Meta for Currency
2023-04-17 07:20:09...processing table tracker
2023-04-17 07:20:10...creating table tracker
2023-04-17 07:20:10...creating Relationship Meta for Tracker
2023-04-17 07:20:10...processing table import_maps
2023-04-17 07:20:11...creating table import_maps
2023-04-17 07:20:11...creating Relationship Meta for ImportMap
2023-04-17 07:20:11...processing table users_last_import
2023-04-17 07:20:11...creating table users_last_import
2023-04-17 07:20:11...creating Relationship Meta for UsersLastImport
2023-04-17 07:20:11...processing table config
2023-04-17 07:20:12...creating table config
2023-04-17 07:20:12...creating Relationship Meta for Administration
2023-04-17 07:20:12...processing table upgrade_history
2023-04-17 07:20:12...creating table upgrade_history
2023-04-17 07:20:12...creating Relationship Meta for UpgradeHistory
2023-04-17 07:20:12...processing table vcals
2023-04-17 07:20:13...creating table vcals
2023-04-17 07:20:13...creating Relationship Meta for vCal
2023-04-17 07:20:13...processing table alerts
2023-04-17 07:20:15...creating table alerts
2023-04-17 07:20:15...creating Relationship Meta for Alert
2023-04-17 07:20:15...processing table roles
2023-04-17 07:20:18...creating table roles
2023-04-17 07:20:18...creating Relationship Meta for Role
2023-04-17 07:20:18...processing table documents
2023-04-17 07:20:19...creating table documents
2023-04-17 07:20:19...creating Relationship Meta for Document
2023-04-17 07:20:19...processing table document_revisions
2023-04-17 07:20:20...creating table document_revisions
2023-04-17 07:20:20...creating Relationship Meta for DocumentRevision
2023-04-17 07:20:20...processing table fields_meta_data
2023-04-17 07:20:20...creating table fields_meta_data
2023-04-17 07:20:20...creating Relationship Meta for FieldsMetaData
2023-04-17 07:20:20...processing table 
2023-04-17 07:20:21...processing table inbound_email
2023-04-17 07:20:21...creating table inbound_email
2023-04-17 07:20:21...creating Relationship Meta for InboundEmail
2023-04-17 07:20:21...processing table saved_search
2023-04-17 07:20:22...creating table saved_search
2023-04-17 07:20:22...creating Relationship Meta for SavedSearch
2023-04-17 07:20:22...processing table user_preferences
2023-04-17 07:20:22...creating table user_preferences
2023-04-17 07:20:22...creating Relationship Meta for UserPreference
2023-04-17 07:20:22...processing table 
2023-04-17 07:20:22...processing table email_addresses
2023-04-17 07:20:23...creating table email_addresses
2023-04-17 07:20:23...creating Relationship Meta for EmailAddress
2023-04-17 07:20:23...processing table emails_text
2023-04-17 07:20:23...creating table emails_text
2023-04-17 07:20:23...creating Relationship Meta for EmailText
2023-04-17 07:20:24...processing table spots
2023-04-17 07:20:25...creating table spots
2023-04-17 07:20:25...creating Relationship Meta for Spots
2023-04-17 07:20:26...processing table aobh_businesshours
2023-04-17 07:20:26...creating table aobh_businesshours
2023-04-17 07:20:26...creating Relationship Meta for AOBH_BusinessHours
2023-04-17 07:20:27...processing table sugarfeed
2023-04-17 07:20:27...creating table sugarfeed
2023-04-17 07:20:27...creating Relationship Meta for SugarFeed
2023-04-17 07:20:28...processing table eapm
2023-04-17 07:20:30...creating table eapm
2023-04-17 07:20:30...creating Relationship Meta for EAPM
2023-04-17 07:20:30...processing table oauth_consumer
2023-04-17 07:20:31...creating table oauth_consumer
2023-04-17 07:20:31...creating Relationship Meta for OAuthKey
2023-04-17 07:20:31...processing table oauth_tokens
2023-04-17 07:20:32...creating table oauth_tokens
2023-04-17 07:20:32...creating Relationship Meta for OAuthToken
2023-04-17 07:20:32...processing table am_projecttemplates
2023-04-17 07:20:33...creating table am_projecttemplates
2023-04-17 07:20:33...creating Relationship Meta for AM_ProjectTemplates
2023-04-17 07:20:34...processing table am_tasktemplates
2023-04-17 07:20:37...creating table am_tasktemplates
2023-04-17 07:20:37...creating Relationship Meta for AM_TaskTemplates
2023-04-17 07:20:37...processing table favorites
2023-04-17 07:20:38...creating table favorites
2023-04-17 07:20:38...creating Relationship Meta for Favorites
2023-04-17 07:20:38...processing table aok_knowledge_base_categories
2023-04-17 07:20:40...creating table aok_knowledge_base_categories
2023-04-17 07:20:40...creating Relationship Meta for AOK_Knowledge_Base_Categories
2023-04-17 07:20:41...processing table aok_knowledgebase
2023-04-17 07:20:42...creating table aok_knowledgebase
2023-04-17 07:20:42...creating Relationship Meta for AOK_KnowledgeBase
2023-04-17 07:20:43...processing table reminders
2023-04-17 07:20:44...creating table reminders
2023-04-17 07:20:44...creating Relationship Meta for Reminder
2023-04-17 07:20:45...processing table reminders_invitees
2023-04-17 07:20:45...creating table reminders_invitees
2023-04-17 07:20:45...creating Relationship Meta for Reminder_Invitee
2023-04-17 07:20:46...processing table fp_events
2023-04-17 07:20:48...creating table fp_events
2023-04-17 07:20:48...creating Relationship Meta for FP_events
2023-04-17 07:20:49...processing table fp_event_locations
2023-04-17 07:20:50...creating table fp_event_locations
2023-04-17 07:20:50...creating Relationship Meta for FP_Event_Locations
2023-04-17 07:20:51...processing table aod_indexevent
2023-04-17 07:20:53...creating table aod_indexevent
2023-04-17 07:20:53...creating Relationship Meta for AOD_IndexEvent
2023-04-17 07:20:54...processing table aod_index
2023-04-17 07:20:55...creating table aod_index
2023-04-17 07:20:55...creating Relationship Meta for AOD_Index
2023-04-17 07:20:55...processing table aop_case_events
2023-04-17 07:20:57...creating table aop_case_events
2023-04-17 07:20:57...creating Relationship Meta for AOP_Case_Events
2023-04-17 07:20:58...processing table aop_case_updates
2023-04-17 07:21:00...creating table aop_case_updates
2023-04-17 07:21:00...creating Relationship Meta for AOP_Case_Updates
2023-04-17 07:21:00...processing table aor_reports
2023-04-17 07:21:02...creating table aor_reports
2023-04-17 07:21:02...creating Relationship Meta for AOR_Report
2023-04-17 07:21:03...processing table aor_fields
2023-04-17 07:21:03...creating table aor_fields
2023-04-17 07:21:03...creating Relationship Meta for AOR_Field
2023-04-17 07:21:04...processing table aor_charts
2023-04-17 07:21:04...creating table aor_charts
2023-04-17 07:21:04...creating Relationship Meta for AOR_Chart
2023-04-17 07:21:05...processing table aor_conditions
2023-04-17 07:21:05...creating table aor_conditions
2023-04-17 07:21:05...creating Relationship Meta for AOR_Condition
2023-04-17 07:21:06...processing table aor_scheduled_reports
2023-04-17 07:21:07...creating table aor_scheduled_reports
2023-04-17 07:21:07...creating Relationship Meta for AOR_Scheduled_Reports
2023-04-17 07:21:08...processing table aos_contracts
2023-04-17 07:21:10...creating table aos_contracts
2023-04-17 07:21:10...creating Relationship Meta for AOS_Contracts
2023-04-17 07:21:12...processing table aos_invoices
2023-04-17 07:21:16...creating table aos_invoices
2023-04-17 07:21:16...creating Relationship Meta for AOS_Invoices
2023-04-17 07:21:16...processing table aos_pdf_templates
2023-04-17 07:21:19...creating table aos_pdf_templates
2023-04-17 07:21:19...creating Relationship Meta for AOS_PDF_Templates
2023-04-17 07:21:20...processing table aos_product_categories
2023-04-17 07:21:23...creating table aos_product_categories
2023-04-17 07:21:23...creating Relationship Meta for AOS_Product_Categories
2023-04-17 07:21:26...processing table aos_products
2023-04-17 07:21:28...creating table aos_products
2023-04-17 07:21:28...creating Relationship Meta for AOS_Products
2023-04-17 07:21:29...processing table aos_products_quotes
2023-04-17 07:21:31...creating table aos_products_quotes
2023-04-17 07:21:31...creating Relationship Meta for AOS_Products_Quotes
2023-04-17 07:21:32...processing table aos_line_item_groups
2023-04-17 07:21:32...creating table aos_line_item_groups
2023-04-17 07:21:32...creating Relationship Meta for AOS_Line_Item_Groups
2023-04-17 07:21:33...processing table aos_quotes
2023-04-17 07:21:36...creating table aos_quotes
2023-04-17 07:21:36...creating Relationship Meta for AOS_Quotes
2023-04-17 07:21:36...processing table aow_actions
2023-04-17 07:21:37...creating table aow_actions
2023-04-17 07:21:37...creating Relationship Meta for AOW_Action
2023-04-17 07:21:37...processing table aow_workflow
2023-04-17 07:21:40...creating table aow_workflow
2023-04-17 07:21:40...creating Relationship Meta for AOW_WorkFlow
2023-04-17 07:21:42...processing table aow_processed
2023-04-17 07:21:43...creating table aow_processed
2023-04-17 07:21:43...creating Relationship Meta for AOW_Processed
2023-04-17 07:21:46...processing table aow_conditions
2023-04-17 07:21:47...creating table aow_conditions
2023-04-17 07:21:47...creating Relationship Meta for AOW_Condition
2023-04-17 07:21:47...processing table jjwg_maps
2023-04-17 07:21:50...creating table jjwg_maps
2023-04-17 07:21:50...creating Relationship Meta for jjwg_Maps
2023-04-17 07:21:54...processing table jjwg_markers
2023-04-17 07:21:57...creating table jjwg_markers
2023-04-17 07:21:57...creating Relationship Meta for jjwg_Markers
2023-04-17 07:21:58...processing table jjwg_areas
2023-04-17 07:22:01...creating table jjwg_areas
2023-04-17 07:22:01...creating Relationship Meta for jjwg_Areas
2023-04-17 07:22:03...processing table jjwg_address_cache
2023-04-17 07:22:09...creating table jjwg_address_cache
2023-04-17 07:22:09...creating Relationship Meta for jjwg_Address_Cache
2023-04-17 07:22:09...processing table calls_reschedule
2023-04-17 07:22:13...creating table calls_reschedule
2023-04-17 07:22:13...creating Relationship Meta for Calls_Reschedule
2023-04-17 07:22:14...processing table securitygroups
2023-04-17 07:22:17...creating table securitygroups
2023-04-17 07:22:17...creating Relationship Meta for SecurityGroup
2023-04-17 07:22:18...processing table outbound_email
2023-04-17 07:22:22...creating table outbound_email
2023-04-17 07:22:22...creating Relationship Meta for OutboundEmailAccounts
2023-04-17 07:22:22...processing table templatesectionline
2023-04-17 07:22:37...creating table templatesectionline
2023-04-17 07:22:37...creating Relationship Meta for TemplateSectionLine
2023-04-17 07:22:38...processing table oauth2tokens
2023-04-17 07:22:38...creating table oauth2tokens
2023-04-17 07:22:38...creating Relationship Meta for OAuth2Tokens
2023-04-17 07:22:39...processing table oauth2clients
2023-04-17 07:22:40...creating table oauth2clients
2023-04-17 07:22:40...creating Relationship Meta for OAuth2Clients
2023-04-17 07:22:42...processing table surveyresponses
2023-04-17 07:22:45...creating table surveyresponses
2023-04-17 07:22:45...creating Relationship Meta for SurveyResponses
2023-04-17 07:22:46...processing table surveys
2023-04-17 07:22:53...creating table surveys
2023-04-17 07:22:53...creating Relationship Meta for Surveys
2023-04-17 07:22:56...processing table surveyquestionresponses
2023-04-17 07:23:02...creating table surveyquestionresponses
2023-04-17 07:23:02...creating Relationship Meta for SurveyQuestionResponses
2023-04-17 07:23:02...processing table surveyquestions
2023-04-17 07:23:11...creating table surveyquestions
2023-04-17 07:23:11...creating Relationship Meta for SurveyQuestions
2023-04-17 07:23:14...processing table surveyquestionoptions
2023-04-17 07:23:21...creating table surveyquestionoptions
2023-04-17 07:23:21...creating Relationship Meta for SurveyQuestionOptions
2023-04-17 07:24:50...Begin creating Defaults
2023-04-17 07:24:50...insert defaults into config table
2023-04-17 07:24:52...Creating default users
2023-04-17 07:24:57...Creating default scheduler jobs
2023-04-17 07:25:01...Enable SugarFeeds
2023-04-17 07:25:05...Installation has completed *********
2023-04-17 07:29:40...populating the db with seed data
2023-04-17 07:29:40...Save configuration settings..
2023-04-17 07:29:40...save locale
2023-04-17 07:29:40...new Administration
2023-04-17 07:29:40...retrieveSettings
2023-04-17 07:29:40...AdminWizard OFF
2023-04-17 07:29:41...saveConfig
2023-04-17 07:29:43...new Configurator
2023-04-17 07:29:43...populateFromPost
2023-04-17 07:29:43...handleOverride
2023-04-17 07:29:43...addCronAllowedUser
2023-04-17 07:29:43...saveConfig
2023-04-17 07:29:44...new Currency
2023-04-17 07:29:44...retrieve
2023-04-17 07:29:44...DBG: save currency
2023-04-17 07:29:44...Save user settings..
2023-04-17 07:29:50...DBG: SugarThemeRegistry::getDefault
2023-04-17 07:30:44...installerHook: Info: custom/install/install_hooks.php not present, no custom hooks to execute