Tue, 10 Oct 2023 09:05:21 +0200 [UpgradeWizard] - setting session variables...
Tue, 10 Oct 2023 09:05:21 +0200 [UpgradeWizard] - -----------------------------------------------------------------------------
Tue, 10 Oct 2023 09:05:21 +0200 [UpgradeWizard] - Upgrade started. At start.php
Tue, 10 Oct 2023 09:05:35 +0200 [UpgradeWizard] - resetting $_SESSION
Tue, 10 Oct 2023 09:05:39 +0200 [UpgradeWizard] - setting session variables...
Tue, 10 Oct 2023 09:05:39 +0200 [UpgradeWizard] - [At systemCheck.php]
Tue, 10 Oct 2023 09:05:39 +0200 [UpgradeWizard] - Starting file permission check...
Tue, 10 Oct 2023 09:05:41 +0200 [UpgradeWizard] - Finished file permission check.
Tue, 10 Oct 2023 09:05:41 +0200 [UpgradeWizard] - Starting database permissions check...
Tue, 10 Oct 2023 09:05:41 +0200 [UpgradeWizard] - Checking CREATE TABLE permissions...
Tue, 10 Oct 2023 09:05:42 +0200 [UpgradeWizard] - Checking INSERT INTO permissions...
Tue, 10 Oct 2023 09:05:43 +0200 [UpgradeWizard] - Checking UPDATE TABLE permissions...
Tue, 10 Oct 2023 09:05:43 +0200 [UpgradeWizard] - Checking SELECT permissions...
Tue, 10 Oct 2023 09:05:43 +0200 [UpgradeWizard] - Checking DELETE FROM permissions...
Tue, 10 Oct 2023 09:05:43 +0200 [UpgradeWizard] - Checking ALTER TABLE ADD COLUMN permissions...
Tue, 10 Oct 2023 09:05:43 +0200 [UpgradeWizard] - Checking ALTER TABLE CHANGE COLUMN permissions...
Tue, 10 Oct 2023 09:05:44 +0200 [UpgradeWizard] - Checking ALTER TABLE DROP COLUMN permissions...
Tue, 10 Oct 2023 09:05:44 +0200 [UpgradeWizard] - Checking DROP TABLE permissions...
Tue, 10 Oct 2023 09:05:44 +0200 [UpgradeWizard] - No permissions errors found!
Tue, 10 Oct 2023 09:05:44 +0200 [UpgradeWizard] - Finished database permissions check.
Tue, 10 Oct 2023 09:05:47 +0200 [UpgradeWizard] - setting session variables...
Tue, 10 Oct 2023 09:05:47 +0200 [UpgradeWizard] - At upload.php
Tue, 10 Oct 2023 09:05:48 +0200 [UpgradeWizard] - finding new files for upgrade
Tue, 10 Oct 2023 09:05:48 +0200 [UpgradeWizard] - *** UW using [  ] as source for patch files.
